<?xml version="1.0" encoding="UTF-8"?>
<testng-results ignored="0" total="1" passed="1" failed="0" skipped="0">
  <reporter-output>
  </reporter-output>
  <suite started-at="2024-11-28T22:56:48 IST" name="Default suite" finished-at="2024-11-28T22:56:59 IST" duration-ms="11224">
    <groups>
    </groups>
    <test started-at="2024-11-28T22:56:48 IST" name="Default test" finished-at="2024-11-28T22:56:59 IST" duration-ms="11224">
      <class name="com.test.Testscript">
        <test-method signature="launchBrowser()[pri:0, instance:com.test.Testscript@1d296da]" started-at="2024-11-28T22:56:48 IST" name="launchBrowser" finished-at="2024-11-28T22:56:59 IST" duration-ms="11158" status="PASS">
          <reporter-output>
          </reporter-output>
        </test-method> <!-- launchBrowser -->
      </class> <!-- com.test.Testscript -->
    </test> <!-- Default test -->
  </suite> <!-- Default suite -->
</testng-results>
